1692296356921	geckodriver	INFO	Listening on 127.0.0.1:58036
1692296360384	mozrunner::runner	INFO	Running command: "C:\\Program Files\\Mozilla Firefox\\firefox.exe" "--marionette" "--remote-debugging-port" "58037" "--remote-allow-hosts" "localhost" "-no-remote" "-profile" "C:\\Users\\PC\\AppData\\Local\\Temp\\rust_mozprofileTcr1Ia"
console.warn: services.settings: Ignoring preference override of remote settings server
console.warn: services.settings: Allow by setting MOZ_REMOTE_SETTINGS_DEVTOOLS=1 in the environment
1692296361555	Marionette	INFO	Marionette enabled
Dynamically enable window occlusion 0
1692296361777	Marionette	INFO	Listening on port 58044
WebDriver BiDi listening on ws://127.0.0.1:58037
Read port: 58044
1692296362327	RemoteAgent	WARN	TLS certificate errors will be ignored for this session
DevTools listening on ws://127.0.0.1:58037/devtools/browser/066b9d08-ffcd-4100-b332-bc97f8fc1507
JavaScript error: https://www.n11.com/, line 3299: ReferenceError: jQuery is not defined
JavaScript error: , line 0: uncaught exception: undefined
JavaScript error: , line 0: TypeError: NetworkError when attempting to fetch resource.
console.warn: LoginRecipes: "Falling back to a synchronous message for: https://www.n11.com."
console.warn: LoginRecipes: "Falling back to a synchronous message for: https://www.n11.com."
JavaScript error: , line 0: uncaught exception: undefined
JavaScript error: https://www.n11.com/, line 3299: ReferenceError: jQuery is not defined
JavaScript warning: https://pagead2.googlesyndication.com/bg/-ux6i5uap_kgdJqLbszgrDc8lL0DO2SEHIjb65WwLNE.js line 2 > eval line 7817 > eval line 1 > eval line 1 > eval, line 1: WEBGL_debug_renderer_info is deprecated in Firefox and will be removed. Please use RENDERER.
[Parent 13344, IPC I/O Parent] WARNING: DuplicateHandle failed for handle 0 in TransferHandles: file /builds/worker/checkouts/gecko/ipc/chromium/src/chrome/common/ipc_channel_win.cc:793
JavaScript warning: https://pagead2.googlesyndication.com/bg/-ux6i5uap_kgdJqLbszgrDc8lL0DO2SEHIjb65WwLNE.js line 2 > eval line 5159 > eval line 1 > eval line 1 > eval, line 1: WEBGL_debug_renderer_info is deprecated in Firefox and will be removed. Please use RENDERER.
1692296799157	Marionette	INFO	Stopped listening on port 58044
Dynamically enable window occlusion 1
!!! error running onStopped callback: TypeError: callback is not a function
JavaScript error: , line 0: TypeError: NetworkError when attempting to fetch resource.
