1692297707042	geckodriver	INFO	Listening on 127.0.0.1:58360
1692297710103	mozrunner::runner	INFO	Running command: "C:\\Program Files\\Mozilla Firefox\\firefox.exe" "--marionette" "--remote-debugging-port" "58361" "--remote-allow-hosts" "localhost" "-no-remote" "-profile" "C:\\Users\\PC\\AppData\\Local\\Temp\\rust_mozprofileA2LIgw"
console.warn: services.settings: Ignoring preference override of remote settings server
console.warn: services.settings: Allow by setting MOZ_REMOTE_SETTINGS_DEVTOOLS=1 in the environment
1692297711422	Marionette	INFO	Marionette enabled
Dynamically enable window occlusion 0
1692297711622	Marionette	INFO	Listening on port 58371
WebDriver BiDi listening on ws://127.0.0.1:58361
Read port: 58371
1692297712578	RemoteAgent	WARN	TLS certificate errors will be ignored for this session
DevTools listening on ws://127.0.0.1:58361/devtools/browser/f71d6d52-3f7f-4dd5-ab57-7633534f68ff
console.error: (new TypeError("linkMap is undefined", "resource://gre/modules/NewTabUtils.sys.mjs", 2003))
JavaScript error: https://www.n11.com/, line 3299: ReferenceError: jQuery is not defined
1692297724205	Marionette	WARN	Ignoring event 'DOMContentLoaded' because document has an invalid readyState of 'complete'.
JavaScript error: , line 0: uncaught exception: undefined
JavaScript error: , line 0: TypeError: NetworkError when attempting to fetch resource.
console.warn: LoginRecipes: "Falling back to a synchronous message for: https://www.n11.com."
console.warn: LoginRecipes: "Falling back to a synchronous message for: https://www.n11.com."
JavaScript error: , line 0: TypeError: NetworkError when attempting to fetch resource.
JavaScript error: , line 0: uncaught exception: undefined
JavaScript warning: https://pagead2.googlesyndication.com/bg/-ux6i5uap_kgdJqLbszgrDc8lL0DO2SEHIjb65WwLNE.js line 2 > eval line 404 > eval line 1 > eval line 1 > eval, line 1: WEBGL_debug_renderer_info is deprecated in Firefox and will be removed. Please use RENDERER.
JavaScript warning: https://pagead2.googlesyndication.com/bg/-ux6i5uap_kgdJqLbszgrDc8lL0DO2SEHIjb65WwLNE.js line 2 > eval line 1623 > eval line 1 > eval line 1 > eval, line 1: WEBGL_debug_renderer_info is deprecated in Firefox and will be removed. Please use RENDERER.
JavaScript error: https://www.n11.com/sepetim, line 2012: SyntaxError: expected expression, got ';'
JavaScript warning: https://pagead2.googlesyndication.com/bg/-ux6i5uap_kgdJqLbszgrDc8lL0DO2SEHIjb65WwLNE.js line 2 > eval line 2751 > eval line 1 > eval line 1 > eval, line 1: WEBGL_debug_renderer_info is deprecated in Firefox and will be removed. Please use RENDERER.
JavaScript warning: https://pagead2.googlesyndication.com/bg/-ux6i5uap_kgdJqLbszgrDc8lL0DO2SEHIjb65WwLNE.js line 2 > eval line 4808 > eval line 1 > eval line 1 > eval, line 1: WEBGL_debug_renderer_info is deprecated in Firefox and will be removed. Please use RENDERER.
JavaScript warning: https://pagead2.googlesyndication.com/bg/-ux6i5uap_kgdJqLbszgrDc8lL0DO2SEHIjb65WwLNE.js line 2 > eval line 2055 > eval line 1 > eval line 1 > eval, line 1: WEBGL_debug_renderer_info is deprecated in Firefox and will be removed. Please use RENDERER.
JavaScript error: https://www.n11.com/sepetim, line 2012: SyntaxError: expected expression, got ';'
JavaScript warning: https://pagead2.googlesyndication.com/bg/-ux6i5uap_kgdJqLbszgrDc8lL0DO2SEHIjb65WwLNE.js line 2 > eval line 6716 > eval line 1 > eval line 1 > eval, line 1: WEBGL_debug_renderer_info is deprecated in Firefox and will be removed. Please use RENDERER.
JavaScript error: https://www.n11.com/sepetim line 627 > injectedScript, line 4: TypeError: basketProducts is undefined
JavaScript warning: https://pagead2.googlesyndication.com/bg/-ux6i5uap_kgdJqLbszgrDc8lL0DO2SEHIjb65WwLNE.js line 2 > eval line 6746 > eval line 1 > eval line 1 > eval, line 1: WEBGL_debug_renderer_info is deprecated in Firefox and will be removed. Please use RENDERER.
JavaScript error: https://www.n11.com/sepetim line 627 > injectedScript, line 4: TypeError: basketProducts is undefined
JavaScript warning: https://pagead2.googlesyndication.com/bg/-ux6i5uap_kgdJqLbszgrDc8lL0DO2SEHIjb65WwLNE.js line 2 > eval line 1586 > eval line 1 > eval line 1 > eval, line 1: WEBGL_debug_renderer_info is deprecated in Firefox and will be removed. Please use RENDERER.
JavaScript error: https://www.n11.com/sepetim line 627 > injectedScript, line 4: TypeError: basketProducts is undefined
JavaScript warning: https://pagead2.googlesyndication.com/bg/-ux6i5uap_kgdJqLbszgrDc8lL0DO2SEHIjb65WwLNE.js line 2 > eval line 370 > eval line 1 > eval line 1 > eval, line 1: WEBGL_debug_renderer_info is deprecated in Firefox and will be removed. Please use RENDERER.
JavaScript error: , line 0: TypeError: NetworkError when attempting to fetch resource.
JavaScript error: https://www.n11.com/sepetim line 627 > injectedScript, line 4: TypeError: basketProducts is undefined
1692297797820	Marionette	INFO	Stopped listening on port 58371
Dynamically enable window occlusion 1
!!! error running onStopped callback: TypeError: callback is not a function
console.error: (new Error("Data is not ready.", "resource://gre/modules/JSONFile.sys.mjs", 184))
