1692294024776	geckodriver	INFO	Listening on 127.0.0.1:51453
1692294028022	mozrunner::runner	INFO	Running command: "C:\\Program Files\\Mozilla Firefox\\firefox.exe" "--marionette" "--remote-debugging-port" "51454" "--remote-allow-hosts" "localhost" "-no-remote" "-profile" "C:\\Users\\PC\\AppData\\Local\\Temp\\rust_mozprofileSHh6Bg"
console.warn: services.settings: Ignoring preference override of remote settings server
console.warn: services.settings: Allow by setting MOZ_REMOTE_SETTINGS_DEVTOOLS=1 in the environment
1692294028865	Marionette	INFO	Marionette enabled
Dynamically enable window occlusion 0
1692294029119	Marionette	INFO	Listening on port 51462
WebDriver BiDi listening on ws://127.0.0.1:51454
Read port: 51462
1692294029887	RemoteAgent	WARN	TLS certificate errors will be ignored for this session
DevTools listening on ws://127.0.0.1:51454/devtools/browser/10c74a7c-c57e-40de-bf67-fb7d18707708
console.error: (new TypeError("this._searchProviderInfo is null", "resource:///modules/SearchSERPTelemetry.sys.mjs", 638))
console.error: (new TypeError("linkMap is undefined", "resource://gre/modules/NewTabUtils.sys.mjs", 2003))
JavaScript error: https://www.n11.com/, line 3299: ReferenceError: jQuery is not defined
JavaScript warning: https://pagead2.googlesyndication.com/bg/-ux6i5uap_kgdJqLbszgrDc8lL0DO2SEHIjb65WwLNE.js line 2 > eval line 2025 > eval line 1 > eval line 1 > eval, line 1: WEBGL_debug_renderer_info is deprecated in Firefox and will be removed. Please use RENDERER.
1692294061513	Marionette	INFO	Stopped listening on port 51462
Dynamically enable window occlusion 1
console.warn: services.settings: main/doh-config sync interrupted by shutdown
!!! error running onStopped callback: TypeError: callback is not a function
console.warn: services.settings: main/devtools-devices sync interrupted by shutdown
console.warn: services.settings: main/websites-with-shared-credential-backends sync interrupted by shutdown
console.warn: services.settings: main/cookie-banner-rules-list sync interrupted by shutdown
JavaScript error: , line 0: TypeError: NetworkError when attempting to fetch resource.
