1692294922951	geckodriver	INFO	Listening on 127.0.0.1:52244
1692294926315	mozrunner::runner	INFO	Running command: "C:\\Program Files\\Mozilla Firefox\\firefox.exe" "--marionette" "--remote-debugging-port" "52245" "--remote-allow-hosts" "localhost" "-no-remote" "-profile" "C:\\Users\\PC\\AppData\\Local\\Temp\\rust_mozprofilexgsqdd"
console.warn: services.settings: Ignoring preference override of remote settings server
console.warn: services.settings: Allow by setting MOZ_REMOTE_SETTINGS_DEVTOOLS=1 in the environment
1692294927538	Marionette	INFO	Marionette enabled
Dynamically enable window occlusion 0
1692294927733	Marionette	INFO	Listening on port 52252
WebDriver BiDi listening on ws://127.0.0.1:52245
Read port: 52252
1692294928370	RemoteAgent	WARN	TLS certificate errors will be ignored for this session
DevTools listening on ws://127.0.0.1:52245/devtools/browser/5e1366e4-208a-469f-b111-5d09f6fde6a1
JavaScript error: https://www.n11.com/, line 3299: ReferenceError: jQuery is not defined
JavaScript error: https://www.googletagmanager.com/gtm.js?id=GTM-NCDTBW, line 87: uncaught exception: [object Object]
JavaScript error: https://www.googletagmanager.com/gtm.js?id=GTM-NCDTBW, line 87: uncaught exception: [object Object]
JavaScript error: , line 0: uncaught exception: undefined
[Parent 16168, IPC I/O Parent] WARNING: DuplicateHandle failed for handle 0 in TransferHandles: file /builds/worker/checkouts/gecko/ipc/chromium/src/chrome/common/ipc_channel_win.cc:793
console.warn: LoginRecipes: "Falling back to a synchronous message for: https://www.n11.com."
console.warn: LoginRecipes: "Falling back to a synchronous message for: https://www.n11.com."
JavaScript error: , line 0: uncaught exception: undefined
JavaScript error: , line 0: TypeError: NetworkError when attempting to fetch resource.
1692294951007	Marionette	INFO	Stopped listening on port 52252
Dynamically enable window occlusion 1
!!! error running onStopped callback: TypeError: callback is not a function
console.error: (new Error("Data is not ready.", "resource://gre/modules/JSONFile.sys.mjs", 184))
[Parent 16168, IPC I/O Parent] WARNING: pipe error: 232: file /builds/worker/checkouts/gecko/ipc/chromium/src/chrome/common/ipc_channel_win.cc:599
